Property Type
Building Type
Title
Land Size
Age Of Building
Show measurements
Built in
Parking Type
Description
Location Description
Details
Features
View
Waterfront
Zoning ID
Building Amenities
Building
Bathrooms
Floor Space
Style
Frontage
Walk Score
Storeys
Listing ID
Community Name
Amenities Nearby
Pool Type
Total Parking Spaces
Basement Features
Basement Type
Bathrooms (Total)
Bedrooms - Above Grade
Bedrooms - Below Grade
Cooling
Exterior Finish
Heating Fuel
Heating Type
Roof Style
Roofing Material
Rooms
Fireplace
Fire Protection
Structures
Maintenance Fees
Fixtures Included
Appliances Included
Zoning Description
Bathrooms (Partial)
Utility Sewer
Fireplace Type
Fireplace Fuel
Foundation Type
Level Type Dimensions
Landscape Features
